EST 0.06342101097106934

Time 0.0000e+00 fs, Step  0                  
Writing 0.02562880516052246
Saving 0.01894402503967285
EST 0.007195234298706055
Quantum 0.07901716232299805
Total 0.17085576057434082

Time 4.8378e-03 fs, Step  1                  
Writing 0.016510725021362305
Saving 0.015855789184570312
EST 0.002744436264038086
Quantum 0.007997989654541016
Total 0.08080506324768066

Time 9.6755e-03 fs, Step  2                  
Writing 0.011017322540283203
Saving 0.007106781005859375
EST 0.0027539730072021484
Quantum 0.0065920352935791016
Total 0.049928903579711914

Time 1.4513e-02 fs, Step  3                  
Writing 0.00822901725769043
Saving 0.00621485710144043
EST 0.002410411834716797
Quantum 0.0055577754974365234
Total 0.037950992584228516

Time 1.9351e-02 fs, Step  4                  
Writing 0.007761240005493164
Saving 0.005410194396972656
EST 0.0018050670623779297
Quantum 0.006178140640258789
Total 0.03770184516906738

Time 2.4189e-02 fs, Step  5                  
Writing 0.009589910507202148
Saving 0.0058939456939697266
EST 0.0017423629760742188
Quantum 0.00691533088684082
Total 0.050739288330078125

Time 2.9027e-02 fs, Step  6                  
Writing 0.05935335159301758
Saving 0.0180971622467041
EST 0.0033502578735351562
Quantum 0.014548301696777344
Total 0.12674593925476074

Time 3.3864e-02 fs, Step  7                  
Writing 0.01604747772216797
Saving 0.013576507568359375
EST 0.009218692779541016
Quantum 0.005746603012084961
Total 0.07995915412902832

Time 3.8702e-02 fs, Step  8                  
Writing 0.013557672500610352
Saving 0.008634805679321289
EST 0.0030159950256347656
Quantum 0.010177135467529297
Total 0.05731344223022461

Time 4.3540e-02 fs, Step  9                  
Writing 0.00952601432800293
Saving 0.0071887969970703125
EST 0.002328634262084961
Quantum 0.005198478698730469
Total 0.045133352279663086

Time 4.8378e-02 fs, Step  10                 
Writing 0.009216070175170898
Saving 0.00822591781616211
EST 0.002529621124267578
Quantum 0.0073931217193603516
Total 0.05116701126098633

Time 5.3215e-02 fs, Step  11                 
Writing 0.010017633438110352
Saving 0.006853580474853516
EST 0.0027120113372802734
Quantum 0.008753299713134766
Total 0.05017971992492676

Time 5.8053e-02 fs, Step  12                 
Writing 0.010897159576416016
Saving 0.007030010223388672
EST 0.0022096633911132812
Quantum 0.006647825241088867
Total 0.04786229133605957

Time 6.2891e-02 fs, Step  13                 
Writing 0.009656667709350586
Saving 0.006318092346191406
EST 0.0017421245574951172
Quantum 0.007089138031005859
Total 0.04540514945983887

Time 6.7729e-02 fs, Step  14                 
Writing 0.010163545608520508
Saving 0.0070285797119140625
EST 0.0022704601287841797
Quantum 0.005883455276489258
Total 0.04468727111816406

Time 7.2567e-02 fs, Step  15                 
Writing 0.009713172912597656
Saving 0.007550954818725586
EST 0.002784252166748047
Quantum 0.007256507873535156
Total 0.04529142379760742

Time 7.7404e-02 fs, Step  16                 
Writing 0.009416580200195312
Saving 0.007306098937988281
EST 0.002012968063354492
Quantum 0.00800180435180664
Total 0.0448002815246582

Time 8.2242e-02 fs, Step  17                 
Writing 0.009242773056030273
Saving 0.009932994842529297
EST 0.002317190170288086
Quantum 0.0069921016693115234
Total 0.04933977127075195

Time 8.7080e-02 fs, Step  18                 
Writing 0.00923299789428711
Saving 0.007081747055053711
EST 0.0019381046295166016
Quantum 0.0055310726165771484
Total 0.04175686836242676

Time 9.1918e-02 fs, Step  19                 
Writing 0.009103536605834961
Saving 0.005636692047119141
EST 0.0017070770263671875
Quantum 0.0031995773315429688
Total 0.03447413444519043

Time 9.6755e-02 fs, Step  20                 
Writing 0.010371685028076172
Saving 0.006059885025024414
EST 0.0022630691528320312
Quantum 0.004500865936279297
Total 0.042713165283203125

Time 1.0159e-01 fs, Step  21                 
Writing 0.008450508117675781
Saving 0.0056722164154052734
EST 0.002071380615234375
Quantum 0.003314495086669922
Total 0.037058115005493164

Time 1.0643e-01 fs, Step  22                 
Writing 0.007836580276489258
Saving 0.0065195560455322266
EST 0.002208709716796875
Quantum 0.004673480987548828
Total 0.040885210037231445

Time 1.1127e-01 fs, Step  23                 
Writing 0.008578062057495117
Saving 0.006624937057495117
EST 0.0019388198852539062
Quantum 0.005456209182739258
Total 0.040335893630981445

Time 1.1611e-01 fs, Step  24                 
Writing 0.009083986282348633
Saving 0.007654666900634766
EST 0.002633810043334961
Quantum 0.0050122737884521484
Total 0.04419589042663574

Time 1.2094e-01 fs, Step  25                 
Writing 0.008307218551635742
Saving 0.006011247634887695
EST 0.002501249313354492
Quantum 0.007346630096435547
Total 0.042043209075927734

Time 1.2578e-01 fs, Step  26                 
Writing 0.007820844650268555
Saving 0.005609750747680664
EST 0.002367258071899414
Quantum 0.0036385059356689453
Total 0.03693509101867676

Time 1.3062e-01 fs, Step  27                 
Writing 0.009428024291992188
Saving 0.006713390350341797
EST 0.0020470619201660156
Quantum 0.0040662288665771484
Total 0.04057168960571289

Time 1.3546e-01 fs, Step  28                 
Writing 0.008537054061889648
Saving 0.007832765579223633
EST 0.002641916275024414
Quantum 0.0037589073181152344
Total 0.040850162506103516

Time 1.4030e-01 fs, Step  29                 
Writing 0.007781267166137695
Saving 0.005826711654663086
EST 0.0019829273223876953
Quantum 0.0034415721893310547
Total 0.037450313568115234

Time 1.4513e-01 fs, Step  30                 
Writing 0.008747577667236328
Saving 0.0069904327392578125
EST 0.002189159393310547
Quantum 0.0061473846435546875
Total 0.0411992073059082

Time 1.4997e-01 fs, Step  31                 
Writing 0.008110761642456055
Saving 0.005938291549682617
EST 0.003061532974243164
Quantum 0.00597691535949707
Total 0.039861440658569336

Time 1.5481e-01 fs, Step  32                 
Writing 0.009137630462646484
Saving 0.007772207260131836
EST 0.002077817916870117
Quantum 0.007594108581542969
Total 0.045815229415893555

Time 1.5965e-01 fs, Step  33                 
Writing 0.008844852447509766
Saving 0.006256580352783203
EST 0.0020940303802490234
Quantum 0.004842996597290039
Total 0.04677176475524902

Time 1.6448e-01 fs, Step  34                 
Writing 0.011941671371459961
Saving 0.007024526596069336
EST 0.001966238021850586
Quantum 0.007999658584594727
Total 0.04747581481933594

Time 1.6932e-01 fs, Step  35                 
Writing 0.010057210922241211
Saving 0.007729291915893555
EST 0.002607107162475586
Quantum 0.0047016143798828125
Total 0.04827547073364258

Time 1.7416e-01 fs, Step  36                 
Writing 0.00911259651184082
Saving 0.006955862045288086
EST 0.0033392906188964844
Quantum 0.007654428482055664
Total 0.048966169357299805

Time 1.7900e-01 fs, Step  37                 
Writing 0.009682893753051758
Saving 0.006685972213745117
EST 0.0022869110107421875
Quantum 0.0045812129974365234
Total 0.04361104965209961

Time 1.8384e-01 fs, Step  38                 
Writing 0.010370254516601562
Saving 0.006673574447631836
EST 0.0025336742401123047
Quantum 0.0074884891510009766
Total 0.04611563682556152

Time 1.8867e-01 fs, Step  39                 
Writing 0.009014606475830078
Saving 0.006276607513427734
EST 0.003163576126098633
Quantum 0.003802061080932617
Total 0.04042506217956543

Time 1.9351e-01 fs, Step  40                 
Writing 0.0270235538482666
Saving 0.006007194519042969
EST 0.0021812915802001953
Quantum 0.003422975540161133
Total 0.0554656982421875

Time 1.9835e-01 fs, Step  41                 
Writing 0.008055925369262695
Saving 0.006848335266113281
EST 0.0022079944610595703
Quantum 0.00748753547668457
Total 0.042856693267822266

Time 2.0319e-01 fs, Step  42                 
Writing 0.008194446563720703
Saving 0.006170988082885742
EST 0.0023720264434814453
Quantum 0.0051381587982177734
Total 0.04193377494812012

Time 2.0802e-01 fs, Step  43                 
Writing 0.009220123291015625
Saving 0.005817413330078125
EST 0.0028371810913085938
Quantum 0.003935575485229492
Total 0.04064822196960449

Time 2.1286e-01 fs, Step  44                 
Writing 0.009848356246948242
Saving 0.005819082260131836
EST 0.002675294876098633
Quantum 0.004949331283569336
Total 0.041407108306884766

Time 2.1770e-01 fs, Step  45                 
Writing 0.008512258529663086
Saving 0.005748748779296875
EST 0.0021429061889648438
Quantum 0.004884004592895508
Total 0.04027152061462402

Time 2.2254e-01 fs, Step  46                 
Writing 0.009810686111450195
Saving 0.00587010383605957
EST 0.0019850730895996094
Quantum 0.0041484832763671875
Total 0.04046177864074707

Time 2.2738e-01 fs, Step  47                 
Writing 0.0084228515625
Saving 0.005889177322387695
EST 0.0021576881408691406
Quantum 0.003576993942260742
Total 0.03938627243041992

Time 2.3221e-01 fs, Step  48                 
Writing 0.009179830551147461
Saving 0.005738019943237305
EST 0.0019137859344482422
Quantum 0.007431507110595703
Total 0.04931068420410156

Time 2.3705e-01 fs, Step  49                 
Writing 0.010058164596557617
Saving 0.006853342056274414
EST 0.0021200180053710938
Quantum 0.005348920822143555
Total 0.04213356971740723

Time 2.4189e-01 fs, Step  50                 
Writing 0.00927734375
Saving 0.007858514785766602
EST 0.0025424957275390625
Quantum 0.0035398006439208984
Total 0.04262518882751465

Time 2.4673e-01 fs, Step  51                 
Writing 0.008456230163574219
Saving 0.005728244781494141
EST 0.001951456069946289
Quantum 0.0074689388275146484
Total 0.041030168533325195

Time 2.5156e-01 fs, Step  52                 
Writing 0.009191036224365234
Saving 0.006539821624755859
EST 0.0021326541900634766
Quantum 0.007658958435058594
Total 0.04301905632019043

Time 2.5640e-01 fs, Step  53                 
Writing 0.008133172988891602
Saving 0.006047725677490234
EST 0.002107381820678711
Quantum 0.0072400569915771484
Total 0.04105186462402344

Time 2.6124e-01 fs, Step  54                 
Writing 0.0075817108154296875
Saving 0.0063629150390625
EST 0.0019800662994384766
Quantum 0.004706382751464844
Total 0.03738212585449219

Time 2.6608e-01 fs, Step  55                 
Writing 0.008534908294677734
Saving 0.006356239318847656
EST 0.0026733875274658203
Quantum 0.005881786346435547
Total 0.040671348571777344

Time 2.7092e-01 fs, Step  56                 
Writing 0.011231660842895508
Saving 0.006585359573364258
EST 0.00272369384765625
Quantum 0.006676912307739258
Total 0.04585909843444824

Time 2.7575e-01 fs, Step  57                 
Writing 0.008184432983398438
Saving 0.0050733089447021484
EST 0.0020585060119628906
Quantum 0.004424095153808594
Total 0.03764963150024414

Time 2.8059e-01 fs, Step  58                 
Writing 0.00897216796875
Saving 0.006893634796142578
EST 0.0026607513427734375
Quantum 0.0049364566802978516
Total 0.04438948631286621

Time 2.8543e-01 fs, Step  59                 
Writing 0.008178949356079102
Saving 0.007042407989501953
EST 0.0024008750915527344
Quantum 0.003968954086303711
Total 0.0403141975402832

Time 2.9027e-01 fs, Step  60                 
Writing 0.008198738098144531
Saving 0.005914449691772461
EST 0.001986265182495117
Quantum 0.006936550140380859
Total 0.0412755012512207

Time 2.9510e-01 fs, Step  61                 
Writing 0.01960277557373047
Saving 0.009740352630615234
EST 0.0019540786743164062
Quantum 0.004914522171020508
Total 0.06989645957946777

Time 2.9994e-01 fs, Step  62                 
Writing 0.009090900421142578
Saving 0.0065157413482666016
EST 0.0021784305572509766
Quantum 0.0035758018493652344
Total 0.03875374794006348

Time 3.0478e-01 fs, Step  63                 
Writing 0.007845401763916016
Saving 0.005610942840576172
EST 0.002103567123413086
Quantum 0.007111787796020508
Total 0.0399785041809082

Time 3.0962e-01 fs, Step  64                 
Writing 0.0073778629302978516
Saving 0.005697488784790039
EST 0.0019495487213134766
Quantum 0.005913734436035156
Total 0.03468656539916992

Time 3.1445e-01 fs, Step  65                 
Writing 0.006930828094482422
Saving 0.0041043758392333984
EST 0.0013713836669921875
Quantum 0.0027692317962646484
Total 0.027718544006347656

Time 3.1929e-01 fs, Step  66                 
Writing 0.006251096725463867
Saving 0.003859281539916992
EST 0.0012907981872558594
Quantum 0.0040323734283447266
Total 0.02810215950012207

Time 3.2413e-01 fs, Step  67                 
Writing 0.006852149963378906
Saving 0.0048465728759765625
EST 0.00136566162109375
Quantum 0.0035707950592041016
Total 0.029097795486450195

Time 3.2897e-01 fs, Step  68                 
Writing 0.006495475769042969
Saving 0.004964351654052734
EST 0.0015153884887695312
Quantum 0.003465890884399414
Total 0.029227018356323242

Time 3.3381e-01 fs, Step  69                 
Writing 0.007944345474243164
Saving 0.00451970100402832
EST 0.0014286041259765625
Quantum 0.002490520477294922
Total 0.02968001365661621

Time 3.3864e-01 fs, Step  70                 
Writing 0.005918741226196289
Saving 0.0037927627563476562
EST 0.0013499259948730469
Quantum 0.0024785995483398438
Total 0.02470254898071289

Time 3.4348e-01 fs, Step  71                 
Writing 0.00577092170715332
Saving 0.004207611083984375
EST 0.0011916160583496094
Quantum 0.002347707748413086
Total 0.02450871467590332

Time 3.4832e-01 fs, Step  72                 
Writing 0.006020069122314453
Saving 0.003971099853515625
EST 0.0014421939849853516
Quantum 0.002279996871948242
Total 0.025466203689575195

Time 3.5316e-01 fs, Step  73                 
Writing 0.0073664188385009766
Saving 0.004590272903442383
EST 0.0015208721160888672
Quantum 0.0025327205657958984
Total 0.030286788940429688

Time 3.5799e-01 fs, Step  74                 
Writing 0.008020639419555664
Saving 0.006128549575805664
EST 0.0015480518341064453
Quantum 0.0037353038787841797
Total 0.035208702087402344

Time 3.6283e-01 fs, Step  75                 
Writing 0.008343696594238281
Saving 0.004762411117553711
EST 0.0015194416046142578
Quantum 0.002974271774291992
Total 0.03149533271789551

Time 3.6767e-01 fs, Step  76                 
Writing 0.00650787353515625
Saving 0.0049877166748046875
EST 0.0014057159423828125
Quantum 0.002358675003051758
Total 0.028702974319458008

Time 3.7251e-01 fs, Step  77                 
Writing 0.0071375370025634766
Saving 0.005548954010009766
EST 0.0015189647674560547
Quantum 0.002455472946166992
Total 0.02987360954284668

Time 3.7735e-01 fs, Step  78                 
Writing 0.005931854248046875
Saving 0.0050487518310546875
EST 0.001603841781616211
Quantum 0.005171298980712891
Total 0.030211687088012695

Time 3.8218e-01 fs, Step  79                 
Writing 0.00636601448059082
Saving 0.00481724739074707
EST 0.0013604164123535156
Quantum 0.005349636077880859
Total 0.030216693878173828

Time 3.8702e-01 fs, Step  80                 
Writing 0.0072901248931884766
Saving 0.004558086395263672
EST 0.0018265247344970703
Quantum 0.005239248275756836
Total 0.03275108337402344

Time 3.9186e-01 fs, Step  81                 
Writing 0.0065381526947021484
Saving 0.004648923873901367
EST 0.0012714862823486328
Quantum 0.002719402313232422
Total 0.026846885681152344

Time 3.9670e-01 fs, Step  82                 
Writing 0.005860567092895508
Saving 0.003692626953125
EST 0.0014722347259521484
Quantum 0.0032613277435302734
Total 0.026845455169677734

Time 4.0153e-01 fs, Step  83                 
Writing 0.006784200668334961
Saving 0.011303424835205078
EST 0.0019116401672363281
Quantum 0.002909421920776367
Total 0.03584647178649902

Time 4.0637e-01 fs, Step  84                 
Writing 0.006331920623779297
Saving 0.003730297088623047
EST 0.0015118122100830078
Quantum 0.0029315948486328125
Total 0.02703404426574707

Time 4.1121e-01 fs, Step  85                 
Writing 0.006222248077392578
Saving 0.0037920475006103516
EST 0.0014281272888183594
Quantum 0.002567768096923828
Total 0.025639772415161133

Time 4.1605e-01 fs, Step  86                 
Writing 0.005703926086425781
Saving 0.004152059555053711
EST 0.0013642311096191406
Quantum 0.0031960010528564453
Total 0.026375293731689453

Time 4.2089e-01 fs, Step  87                 
Writing 0.007845163345336914
Saving 0.0055942535400390625
EST 0.0018887519836425781
Quantum 0.0027179718017578125
Total 0.03525090217590332

Time 4.2572e-01 fs, Step  88                 
Writing 0.005989789962768555
Saving 0.004537343978881836
EST 0.0019373893737792969
Quantum 0.006226062774658203
Total 0.03331470489501953

Time 4.3056e-01 fs, Step  89                 
Writing 0.0059397220611572266
Saving 0.004061698913574219
EST 0.001463174819946289
Quantum 0.003070831298828125
Total 0.026639461517333984

Time 4.3540e-01 fs, Step  90                 
Writing 0.00610804557800293
Saving 0.004204273223876953
EST 0.0013775825500488281
Quantum 0.0038993358612060547
Total 0.029658794403076172

Time 4.4024e-01 fs, Step  91                 
Writing 0.005572795867919922
Saving 0.0039730072021484375
EST 0.0011920928955078125
Quantum 0.0029408931732177734
Total 0.02485203742980957

Time 4.4507e-01 fs, Step  92                 
Writing 0.0057373046875
Saving 0.004774808883666992
EST 0.001955747604370117
Quantum 0.002885580062866211
Total 0.028237104415893555

Time 4.4991e-01 fs, Step  93                 
Writing 0.0064961910247802734
Saving 0.004023075103759766
EST 0.0013744831085205078
Quantum 0.0028247833251953125
Total 0.027251482009887695

Time 4.5475e-01 fs, Step  94                 
Writing 0.006661415100097656
Saving 0.00499415397644043
EST 0.0015048980712890625
Quantum 0.0024368762969970703
Total 0.028583049774169922

Time 4.5959e-01 fs, Step  95                 
Writing 0.0063800811767578125
Saving 0.004455089569091797
EST 0.0016753673553466797
Quantum 0.002440929412841797
Total 0.02878880500793457

Time 4.6443e-01 fs, Step  96                 
Writing 0.008458614349365234
Saving 0.006416797637939453
EST 0.0019865036010742188
Quantum 0.006046295166015625
Total 0.04010128974914551

Time 4.6926e-01 fs, Step  97                 
Writing 0.008605003356933594
Saving 0.00665593147277832
EST 0.0032935142517089844
Quantum 0.007601022720336914
Total 0.0598907470703125

Time 4.7410e-01 fs, Step  98                 
Writing 0.02204108238220215
Saving 0.015851259231567383
EST 0.003983020782470703
Quantum 0.01123952865600586
Total 0.08712434768676758

Time 4.7894e-01 fs, Step  99                 
Writing 0.009325027465820312
Saving 0.009519338607788086
EST 0.0018320083618164062
Quantum 0.003428936004638672
Total 0.043128252029418945

Time 4.8378e-01 fs, Step  100                
Writing 0.008315563201904297
Saving 0.005659341812133789
EST 0.002038240432739258
Quantum 0.005156040191650391
Total 0.03746604919433594

Time 4.8861e-01 fs, Step  101                
Writing 0.007803440093994141
Saving 0.0051457881927490234
EST 0.001984834671020508
Quantum 0.006962299346923828
Total 0.03648805618286133

Time 4.9345e-01 fs, Step  102                
Writing 0.0076007843017578125
Saving 0.005423545837402344
EST 0.0019686222076416016
Quantum 0.004909515380859375
Total 0.035796403884887695

Time 4.9829e-01 fs, Step  103                
Writing 0.009310007095336914
Saving 0.00615692138671875
EST 0.001947164535522461
Quantum 0.00429081916809082
Total 0.03805875778198242

Time 5.0313e-01 fs, Step  104                
Writing 0.008402109146118164
Saving 0.0068280696868896484
EST 0.001995086669921875
Quantum 0.007480144500732422
Total 0.04321885108947754

Time 5.0797e-01 fs, Step  105                
Writing 0.009201765060424805
Saving 0.005644798278808594
EST 0.0021343231201171875
Quantum 0.00417637825012207
Total 0.03883981704711914

Time 5.1280e-01 fs, Step  106                
Writing 0.008579730987548828
Saving 0.007163286209106445
EST 0.0025093555450439453
Quantum 0.0037882328033447266
Total 0.038956403732299805

Time 5.1764e-01 fs, Step  107                
Writing 0.008334159851074219
Saving 0.005596637725830078
EST 0.0023131370544433594
Quantum 0.003582477569580078
Total 0.03800654411315918

Time 5.2248e-01 fs, Step  108                
Writing 0.009971857070922852
Saving 0.006369113922119141
EST 0.0026149749755859375
Quantum 0.003869295120239258
Total 0.04205131530761719

Time 5.2732e-01 fs, Step  109                
Writing 0.008127212524414062
Saving 0.005113124847412109
EST 0.0013933181762695312
Quantum 0.0025904178619384766
Total 0.030458688735961914

Time 5.3215e-01 fs, Step  110                
Writing 0.006282329559326172
Saving 0.0043904781341552734
EST 0.0018773078918457031
Quantum 0.003110647201538086
Total 0.027999401092529297

Time 5.3699e-01 fs, Step  111                
Writing 0.006137371063232422
Saving 0.003998994827270508
EST 0.0016429424285888672
Quantum 0.002477884292602539
Total 0.07427000999450684

Time 5.4183e-01 fs, Step  112                
Writing 0.006038665771484375
Saving 0.004927158355712891
EST 0.0014753341674804688
Quantum 0.0051538944244384766
Total 0.030056238174438477

Time 5.4667e-01 fs, Step  113                
Writing 0.005827665328979492
Saving 0.0036127567291259766
EST 0.0016186237335205078
Quantum 0.0025272369384765625
Total 0.02369976043701172

Time 5.5151e-01 fs, Step  114                
Writing 0.005978107452392578
Saving 0.004317760467529297
EST 0.0015690326690673828
Quantum 0.0024132728576660156
Total 0.02823925018310547

Time 5.5634e-01 fs, Step  115                
Writing 0.0062885284423828125
Saving 0.005717277526855469
EST 0.0018129348754882812
Quantum 0.0026273727416992188
Total 0.031238555908203125

Time 5.6118e-01 fs, Step  116                
Writing 0.006495952606201172
Saving 0.004301548004150391
EST 0.0018298625946044922
Quantum 0.0053558349609375
Total 0.03162813186645508

Time 5.6602e-01 fs, Step  117                
Writing 0.00595545768737793
Saving 0.003664731979370117
EST 0.0012295246124267578
Quantum 0.0027141571044921875
Total 0.02455759048461914

Time 5.7086e-01 fs, Step  118                
Writing 0.005671977996826172
Saving 0.004508495330810547
EST 0.0014500617980957031
Quantum 0.0047681331634521484
Total 0.029169797897338867

Time 5.7569e-01 fs, Step  119                
Writing 0.006883859634399414
Saving 0.005049705505371094
EST 0.0013937950134277344
Quantum 0.0024156570434570312
Total 0.029970169067382812

Time 5.8053e-01 fs, Step  120                
Writing 0.006883382797241211
Saving 0.0042688846588134766
EST 0.0018951892852783203
Quantum 0.005175590515136719
Total 0.03320145606994629

Time 5.8537e-01 fs, Step  121                
Writing 0.006791830062866211
Saving 0.004945039749145508
EST 0.0018930435180664062
Quantum 0.002315521240234375
Total 0.02986001968383789

Time 5.9021e-01 fs, Step  122                
Writing 0.007542848587036133
Saving 0.00457310676574707
EST 0.0013957023620605469
Quantum 0.0023381710052490234
Total 0.029891490936279297

Time 5.9505e-01 fs, Step  123                
Writing 0.0062563419342041016
Saving 0.003906726837158203
EST 0.0013298988342285156
Quantum 0.0050890445709228516
Total 0.029512405395507812

Time 5.9988e-01 fs, Step  124                
Writing 0.0066492557525634766
Saving 0.005064964294433594
EST 0.0016863346099853516
Quantum 0.0025260448455810547
Total 0.030430316925048828

Time 6.0472e-01 fs, Step  125                
Writing 0.006270647048950195
Saving 0.004585981369018555
EST 0.0015132427215576172
Quantum 0.0025434494018554688
Total 0.028931856155395508

Time 6.0956e-01 fs, Step  126                
Writing 0.00656580924987793
Saving 0.003715991973876953
EST 0.0015461444854736328
Quantum 0.0023758411407470703
Total 0.02623271942138672

Time 6.1440e-01 fs, Step  127                
Writing 0.006788492202758789
Saving 0.004513740539550781
EST 0.0015540122985839844
Quantum 0.0033042430877685547
Total 0.030717849731445312

Time 6.1923e-01 fs, Step  128                
Writing 0.007492780685424805
Saving 0.004895925521850586
EST 0.0015382766723632812
Quantum 0.0024285316467285156
Total 0.030856847763061523

Time 6.2407e-01 fs, Step  129                
Writing 0.006005525588989258
Saving 0.003948211669921875
EST 0.001127481460571289
Quantum 0.002396106719970703
Total 0.024739742279052734

Time 6.2891e-01 fs, Step  130                
Writing 0.006131410598754883
Saving 0.003878355026245117
EST 0.001135110855102539
Quantum 0.0024251937866210938
Total 0.024056434631347656

Time 6.3375e-01 fs, Step  131                
Writing 0.005662202835083008
Saving 0.003281831741333008
EST 0.0018270015716552734
Quantum 0.0024538040161132812
Total 0.025318145751953125

Time 6.3859e-01 fs, Step  132                
Writing 0.007634639739990234
Saving 0.004361152648925781
EST 0.0016055107116699219
Quantum 0.002575397491455078
Total 0.0295102596282959

Time 6.4342e-01 fs, Step  133                
Writing 0.006623268127441406
Saving 0.004359722137451172
EST 0.0014510154724121094
Quantum 0.0023605823516845703
Total 0.029560565948486328

Time 6.4826e-01 fs, Step  134                
Writing 0.008709430694580078
Saving 0.004400730133056641
EST 0.0015168190002441406
Quantum 0.002974987030029297
Total 0.032695770263671875

Time 6.5310e-01 fs, Step  135                
Writing 0.007680416107177734
Saving 0.0047032833099365234
EST 0.001741647720336914
Quantum 0.002248525619506836
Total 0.03278684616088867

Time 6.5794e-01 fs, Step  136                
Writing 0.006714582443237305
Saving 0.0038444995880126953
EST 0.0012764930725097656
Quantum 0.002258777618408203
Total 0.025209426879882812

Time 6.6277e-01 fs, Step  137                
Writing 0.006419181823730469
Saving 0.004349708557128906
EST 0.001432657241821289
Quantum 0.002388477325439453
Total 0.02732396125793457

Time 6.6761e-01 fs, Step  138                
Writing 0.006624937057495117
Saving 0.005158901214599609
EST 0.0015263557434082031
Quantum 0.00274658203125
Total 0.029450416564941406

Time 6.7245e-01 fs, Step  139                
Writing 0.008344888687133789
Saving 0.004329681396484375
EST 0.001497507095336914
Quantum 0.0026133060455322266
Total 0.03246164321899414

Time 6.7729e-01 fs, Step  140                
Writing 0.00860595703125
Saving 0.0035898685455322266
EST 0.0014028549194335938
Quantum 0.002543210983276367
Total 0.028635263442993164

Time 6.8213e-01 fs, Step  141                
Writing 0.006402254104614258
Saving 0.004202604293823242
EST 0.0013775825500488281
Quantum 0.0033516883850097656
Total 0.02698349952697754

Time 6.8696e-01 fs, Step  142                
Writing 0.006421804428100586
Saving 0.004206657409667969
EST 0.001466512680053711
Quantum 0.0034699440002441406
Total 0.02874016761779785

Time 6.9180e-01 fs, Step  143                
Writing 0.007007598876953125
Saving 0.004390239715576172
EST 0.0013191699981689453
Quantum 0.002485513687133789
Total 0.028954744338989258

Time 6.9664e-01 fs, Step  144                
Writing 0.0061740875244140625
Saving 0.003457307815551758
EST 0.0012226104736328125
Quantum 0.0022552013397216797
Total 0.024847745895385742

Time 7.0148e-01 fs, Step  145                
Writing 0.005262613296508789
Saving 0.0037767887115478516
EST 0.0011856555938720703
Quantum 0.0022978782653808594
Total 0.023324251174926758

Time 7.0631e-01 fs, Step  146                
Writing 0.005572319030761719
Saving 0.004347324371337891
EST 0.0015685558319091797
Quantum 0.0027382373809814453
Total 0.02520608901977539

Time 7.1115e-01 fs, Step  147                
Writing 0.004880189895629883
Saving 0.0038497447967529297
EST 0.001233816146850586
Quantum 0.0030050277709960938
Total 0.025008440017700195

Time 7.1599e-01 fs, Step  148                
Writing 0.0066373348236083984
Saving 0.003937721252441406
EST 0.0017559528350830078
Quantum 0.003072977066040039
Total 0.02742934226989746

Time 7.2083e-01 fs, Step  149                
Writing 0.006363391876220703
Saving 0.00460052490234375
EST 0.001293182373046875
Quantum 0.002285003662109375
Total 0.026799440383911133

Time 7.2567e-01 fs, Step  150                
Writing 0.0061190128326416016
Saving 0.004031181335449219
EST 0.0012409687042236328
Quantum 0.002263784408569336
Total 0.027036190032958984

Time 7.3050e-01 fs, Step  151                
Writing 0.005417346954345703
Saving 0.003350973129272461
EST 0.0011768341064453125
Quantum 0.002275705337524414
Total 0.024646759033203125

Time 7.3534e-01 fs, Step  152                
Writing 0.008302450180053711
Saving 0.004960775375366211
EST 0.0015492439270019531
Quantum 0.0029206275939941406
Total 0.031922101974487305

Time 7.4018e-01 fs, Step  153                
Writing 0.007588863372802734
Saving 0.005100250244140625
EST 0.0015807151794433594
Quantum 0.002961874008178711
Total 0.03378725051879883

Time 7.4502e-01 fs, Step  154                
Writing 0.008045434951782227
Saving 0.003961086273193359
EST 0.0013747215270996094
Quantum 0.002547740936279297
Total 0.029340028762817383

Time 7.4985e-01 fs, Step  155                
Writing 0.005326032638549805
Saving 0.004503488540649414
EST 0.0012943744659423828
Quantum 0.002635478973388672
Total 0.024628639221191406

Time 7.5469e-01 fs, Step  156                
Writing 0.004970073699951172
Saving 0.004349708557128906
EST 0.0012531280517578125
Quantum 0.0028731822967529297
Total 0.024505615234375

Time 7.5953e-01 fs, Step  157                
Writing 0.005219459533691406
Saving 0.003764629364013672
EST 0.0011534690856933594
Quantum 0.0047528743743896484
Total 0.02692270278930664

Time 7.6437e-01 fs, Step  158                
Writing 0.008388757705688477
Saving 0.004193544387817383
EST 0.0017321109771728516
Quantum 0.0028688907623291016
Total 0.030841827392578125

Time 7.6921e-01 fs, Step  159                
Writing 0.008298158645629883
Saving 0.005273580551147461
EST 0.0021097660064697266
Quantum 0.0025093555450439453
Total 0.040648698806762695

Time 7.7404e-01 fs, Step  160                
Writing 0.007685184478759766
Saving 0.0046312808990478516
EST 0.001580953598022461
Quantum 0.003544330596923828
Total 0.0334475040435791

Time 7.7888e-01 fs, Step  161                
Writing 0.006663084030151367
Saving 0.004619121551513672
EST 0.0021657943725585938
Quantum 0.0026803016662597656
Total 0.030530929565429688

Time 7.8372e-01 fs, Step  162                
Writing 0.006797075271606445
Saving 0.0042302608489990234
EST 0.0020606517791748047
Quantum 0.005610227584838867
Total 0.03338336944580078

Time 7.8856e-01 fs, Step  163                
Writing 0.007338285446166992
Saving 0.0053920745849609375
EST 0.002226591110229492
Quantum 0.0057125091552734375
Total 0.036151885986328125

Time 7.9339e-01 fs, Step  164                
Writing 0.00760340690612793
Saving 0.005065441131591797
EST 0.002432584762573242
Quantum 0.003006458282470703
Total 0.033028602600097656

Time 7.9823e-01 fs, Step  165                
Writing 0.007169246673583984
Saving 0.004853487014770508
EST 0.001547098159790039
Quantum 0.0028786659240722656
Total 0.03046250343322754

Time 8.0307e-01 fs, Step  166                
Writing 0.008165359497070312
Saving 0.0044744014739990234
EST 0.0019919872283935547
Quantum 0.003881692886352539
Total 0.03273344039916992

Time 8.0791e-01 fs, Step  167                
Writing 0.0072667598724365234
Saving 0.005081653594970703
EST 0.0018451213836669922
Quantum 0.0031931400299072266
Total 0.03145289421081543

Time 8.1275e-01 fs, Step  168                
Writing 0.005423069000244141
Saving 0.004250049591064453
EST 0.0017459392547607422
Quantum 0.002517223358154297
Total 0.027206897735595703

Time 8.1758e-01 fs, Step  169                
Writing 0.0070247650146484375
Saving 0.004948616027832031
EST 0.0016522407531738281
Quantum 0.004397869110107422
Total 0.03054642677307129

Time 8.2242e-01 fs, Step  170                
Writing 0.007236480712890625
Saving 0.004276752471923828
EST 0.0021305084228515625
Quantum 0.0031404495239257812
Total 0.03300046920776367

Time 8.2726e-01 fs, Step  171                
Writing 0.009296417236328125
Saving 0.0058171749114990234
EST 0.001795053482055664
Quantum 0.005626678466796875
Total 0.03942275047302246

Time 8.3210e-01 fs, Step  172                
Writing 0.007325649261474609
Saving 0.004499912261962891
EST 0.0014538764953613281
Quantum 0.002996206283569336
Total 0.029313087463378906

Time 8.3693e-01 fs, Step  173                
Writing 0.008049249649047852
Saving 0.0049855709075927734
EST 0.0014064311981201172
Quantum 0.002584695816040039
Total 0.030208587646484375

Time 8.4177e-01 fs, Step  174                
Writing 0.006651878356933594
Saving 0.0048902034759521484
EST 0.0021305084228515625
Quantum 0.003668069839477539
Total 0.031085491180419922

Time 8.4661e-01 fs, Step  175                
Writing 0.007641792297363281
Saving 0.0048067569732666016
EST 0.0012803077697753906
Quantum 0.0024237632751464844
Total 0.029331445693969727

Time 8.5145e-01 fs, Step  176                
Writing 0.005166053771972656
Saving 0.004157543182373047
EST 0.0013036727905273438
Quantum 0.0035567283630371094
Total 0.026163816452026367

Time 8.5629e-01 fs, Step  177                
Writing 0.005324602127075195
Saving 0.003793954849243164
EST 0.0015323162078857422
Quantum 0.002707958221435547
Total 0.025250673294067383

Time 8.6112e-01 fs, Step  178                
Writing 0.0066070556640625
Saving 0.0035631656646728516
EST 0.001434326171875
Quantum 0.002521038055419922
Total 0.025165557861328125

Time 8.6596e-01 fs, Step  179                
Writing 0.005761623382568359
Saving 0.0038404464721679688
EST 0.001771688461303711
Quantum 0.002426624298095703
Total 0.024725675582885742

Time 8.7080e-01 fs, Step  180                
Writing 0.005013942718505859
Saving 0.003840923309326172
EST 0.0011446475982666016
Quantum 0.002640247344970703
Total 0.024013757705688477

Time 8.7564e-01 fs, Step  181                
Writing 0.005234479904174805
Saving 0.007487773895263672
EST 0.0015022754669189453
Quantum 0.0031507015228271484
Total 0.029209375381469727

Time 8.8047e-01 fs, Step  182                
Writing 0.005849599838256836
Saving 0.0037260055541992188
EST 0.0012664794921875
Quantum 0.0028078556060791016
Total 0.024425506591796875

Time 8.8531e-01 fs, Step  183                
Writing 0.005492210388183594
Saving 0.003856658935546875
EST 0.0012667179107666016
Quantum 0.002679109573364258
Total 0.025223493576049805

Time 8.9015e-01 fs, Step  184                
Writing 0.004964351654052734
Saving 0.0036635398864746094
EST 0.0012280941009521484
Quantum 0.002661466598510742
Total 0.024982452392578125

Time 8.9499e-01 fs, Step  185                
Writing 0.0051386356353759766
Saving 0.0034914016723632812
EST 0.0013027191162109375
Quantum 0.005098819732666016
Total 0.026536941528320312

Time 8.9982e-01 fs, Step  186                
Writing 0.0054895877838134766
Saving 0.0037076473236083984
EST 0.001531362533569336
Quantum 0.0025205612182617188
Total 0.024512767791748047

Time 9.0466e-01 fs, Step  187                
Writing 0.006075382232666016
Saving 0.004700422286987305
EST 0.001516103744506836
Quantum 0.002520322799682617
Total 0.027900218963623047

Time 9.0950e-01 fs, Step  188                
Writing 0.005707263946533203
Saving 0.004215717315673828
EST 0.001476287841796875
Quantum 0.0031251907348632812
Total 0.027495145797729492

Time 9.1434e-01 fs, Step  189                
Writing 0.006657123565673828
Saving 0.003511667251586914
EST 0.0017518997192382812
Quantum 0.002273082733154297
Total 0.025364398956298828

Time 9.1918e-01 fs, Step  190                
Writing 0.006354093551635742
Saving 0.004675626754760742
EST 0.0020890235900878906
Quantum 0.0023658275604248047
Total 0.028469324111938477

Time 9.2401e-01 fs, Step  191                
Writing 0.006876707077026367
Saving 0.0046503543853759766
EST 0.0016269683837890625
Quantum 0.0026068687438964844
Total 0.029469728469848633

Time 9.2885e-01 fs, Step  192                
Writing 0.0067195892333984375
Saving 0.006126880645751953
EST 0.002216815948486328
Quantum 0.0037391185760498047
Total 0.0335392951965332

Time 9.3369e-01 fs, Step  193                
Writing 0.00728607177734375
Saving 0.005101203918457031
EST 0.0018298625946044922
Quantum 0.0026209354400634766
Total 0.032309770584106445

Time 9.3853e-01 fs, Step  194                
Writing 0.007930994033813477
Saving 0.006425619125366211
EST 0.0022287368774414062
Quantum 0.005367279052734375
Total 0.03827357292175293

Time 9.4336e-01 fs, Step  195                
Writing 0.006438016891479492
Saving 0.004805564880371094
EST 0.002177000045776367
Quantum 0.00567317008972168
Total 0.034925222396850586

Time 9.4820e-01 fs, Step  196                
Writing 0.007341146469116211
Saving 0.0046045780181884766
EST 0.0022149085998535156
Quantum 0.0054585933685302734
Total 0.03423142433166504

Time 9.5304e-01 fs, Step  197                
Writing 0.0054929256439208984
Saving 0.005701303482055664
EST 0.0012969970703125
Quantum 0.003226757049560547
Total 0.026486635208129883

Time 9.5788e-01 fs, Step  198                
Writing 0.005498647689819336
Saving 0.004380941390991211
EST 0.0015878677368164062
Quantum 0.0022118091583251953
Total 0.025805234909057617

Time 9.6272e-01 fs, Step  199                
Writing 0.005621433258056641
Saving 0.004528522491455078
EST 0.001940011978149414
Quantum 0.0023767948150634766
Total 0.027615070343017578

Time 9.6755e-01 fs, Step  200                
Writing 0.006376504898071289
Saving 0.0054476261138916016
EST 0.0017032623291015625
Quantum 0.002580881118774414
Total 0.028998136520385742

Time 9.7239e-01 fs, Step  201                
Writing 0.004907846450805664
Saving 0.004147529602050781
EST 0.0015790462493896484
Quantum 0.0025904178619384766
Total 0.025742053985595703

Time 9.7723e-01 fs, Step  202                
Writing 0.005614280700683594
Saving 0.004371166229248047
EST 0.001506805419921875
Quantum 0.0023360252380371094
Total 0.026563167572021484

Time 9.8207e-01 fs, Step  203                
Writing 0.00530552864074707
Saving 0.0043718814849853516
EST 0.0014750957489013672
Quantum 0.0022079944610595703
Total 0.025690793991088867

Time 9.8690e-01 fs, Step  204                
Writing 0.006017923355102539
Saving 0.0034856796264648438
EST 0.001199483871459961
Quantum 0.0022711753845214844
Total 0.02376723289489746

Time 9.9174e-01 fs, Step  205                
Writing 0.0072498321533203125
Saving 0.005074739456176758
EST 0.0019388198852539062
Quantum 0.002646207809448242
Total 0.03318190574645996

Time 9.9658e-01 fs, Step  206                
Writing 0.006686687469482422
Saving 0.004479408264160156
EST 0.0011854171752929688
Quantum 0.0025148391723632812
Total 0.028720378875732422

Time 1.0014e+00 fs, Step  207                
Writing 0.008090019226074219
Saving 0.004619121551513672
EST 0.0014717578887939453
Quantum 0.003896951675415039
Total 0.03487825393676758

Time 1.0063e+00 fs, Step  208                
Writing 0.006674289703369141
Saving 0.005400657653808594
EST 0.00147247314453125
Quantum 0.002839326858520508
Total 0.029944896697998047

Time 1.0111e+00 fs, Step  209                
Writing 0.006730318069458008
Saving 0.003790616989135742
EST 0.001974821090698242
Quantum 0.0023598670959472656
Total 0.02722477912902832

Time 1.0159e+00 fs, Step  210                
Writing 0.00574803352355957
Saving 0.005234718322753906
EST 0.0014462471008300781
Quantum 0.0023517608642578125
Total 0.026866436004638672

Time 1.0208e+00 fs, Step  211                
Writing 0.006239175796508789
Saving 0.004224300384521484
EST 0.0013585090637207031
Quantum 0.002480030059814453
Total 0.02697467803955078

Time 1.0256e+00 fs, Step  212                
Writing 0.006025791168212891
Saving 0.024537324905395508
EST 0.0013556480407714844
Quantum 0.002372264862060547
Total 0.05053567886352539

Time 1.0304e+00 fs, Step  213                
Writing 0.005955934524536133
Saving 0.004080295562744141
EST 0.0012621879577636719
Quantum 0.0030808448791503906
Total 0.0265500545501709

Time 1.0353e+00 fs, Step  214                
Writing 0.004914760589599609
Saving 0.004431247711181641
EST 0.0014889240264892578
Quantum 0.0024671554565429688
Total 0.02574467658996582

Time 1.0401e+00 fs, Step  215                
Writing 0.0054705142974853516
Saving 0.0047130584716796875
EST 0.0017485618591308594
Quantum 0.003108978271484375
Total 0.028103113174438477

Time 1.0450e+00 fs, Step  216                
Writing 0.0067479610443115234
Saving 0.0041866302490234375
EST 0.0013341903686523438
Quantum 0.0022487640380859375
Total 0.027234554290771484

Time 1.0498e+00 fs, Step  217                
Writing 0.0057184696197509766
Saving 0.003983736038208008
EST 0.0016720294952392578
Quantum 0.002315998077392578
Total 0.026603221893310547

Time 1.0546e+00 fs, Step  218                
Writing 0.006567955017089844
Saving 0.004250049591064453
EST 0.0021660327911376953
Quantum 0.0023992061614990234
Total 0.030061960220336914

Time 1.0595e+00 fs, Step  219                
Writing 0.006505727767944336
Saving 0.003696441650390625
EST 0.0011832714080810547
Quantum 0.0036058425903320312
Total 0.02585768699645996

Time 1.0643e+00 fs, Step  220                
Writing 0.006418943405151367
Saving 0.004205465316772461
EST 0.0011758804321289062
Quantum 0.0028896331787109375
Total 0.02588343620300293

Time 1.0691e+00 fs, Step  221                
Writing 0.005999088287353516
Saving 0.004002571105957031
EST 0.0016889572143554688
Quantum 0.0023124217987060547
Total 0.026810646057128906

Time 1.0740e+00 fs, Step  222                
Writing 0.007399797439575195
Saving 0.005497932434082031
EST 0.0013875961303710938
Quantum 0.005479574203491211
Total 0.04109764099121094

Time 1.0788e+00 fs, Step  223                
Writing 0.008487939834594727
Saving 0.004942893981933594
EST 0.0021483898162841797
Quantum 0.0047283172607421875
Total 0.03482341766357422

Time 1.0837e+00 fs, Step  224                
Writing 0.007096052169799805
Saving 0.005732536315917969
EST 0.0014221668243408203
Quantum 0.003360271453857422
Total 0.031069040298461914

Time 1.0885e+00 fs, Step  225                
Writing 0.007580280303955078
Saving 0.005091428756713867
EST 0.0020160675048828125
Quantum 0.003373384475708008
Total 0.03478384017944336

Time 1.0933e+00 fs, Step  226                
Writing 0.006123781204223633
Saving 0.003918886184692383
EST 0.0011570453643798828
Quantum 0.003428220748901367
Total 0.025971651077270508

Time 1.0982e+00 fs, Step  227                
Writing 0.0075836181640625
Saving 0.005208730697631836
EST 0.0014889240264892578
Quantum 0.0056743621826171875
Total 0.033739566802978516

Time 1.1030e+00 fs, Step  228                
Writing 0.00662994384765625
Saving 0.0045166015625
EST 0.001558065414428711
Quantum 0.002591848373413086
Total 0.029216766357421875

Time 1.1078e+00 fs, Step  229                
Writing 0.005915164947509766
Saving 0.003433704376220703
EST 0.0013358592987060547
Quantum 0.002539396286010742
Total 0.024137258529663086

Time 1.1127e+00 fs, Step  230                
Writing 0.005797147750854492
Saving 0.004466533660888672
EST 0.0018846988677978516
Quantum 0.003055572509765625
Total 0.02844405174255371

Time 1.1175e+00 fs, Step  231                
Writing 0.007100582122802734
Saving 0.004216670989990234
EST 0.001531362533569336
Quantum 0.0023703575134277344
Total 0.02809429168701172

Time 1.1224e+00 fs, Step  232                
Writing 0.005952596664428711
Saving 0.0034818649291992188
EST 0.0013418197631835938
Quantum 0.0022745132446289062
Total 0.024411916732788086

Time 1.1272e+00 fs, Step  233                
Writing 0.0052793025970458984
Saving 0.004252910614013672
EST 0.0013256072998046875
Quantum 0.005182027816772461
Total 0.027402400970458984

Time 1.1320e+00 fs, Step  234                
Writing 0.005692481994628906
Saving 0.00478672981262207
EST 0.002120494842529297
Quantum 0.002599954605102539
Total 0.02768874168395996

Time 1.1369e+00 fs, Step  235                
Writing 0.006952047348022461
Saving 0.0053865909576416016
EST 0.0013089179992675781
Quantum 0.0024313926696777344
Total 0.028764724731445312

Time 1.1417e+00 fs, Step  236                
Writing 0.00504612922668457
Saving 0.003965854644775391
EST 0.001283407211303711
Quantum 0.0025348663330078125
Total 0.024341821670532227

Time 1.1466e+00 fs, Step  237                
Writing 0.00940394401550293
Saving 0.005461215972900391
EST 0.0026209354400634766
Quantum 0.003276824951171875
Total 0.03889155387878418

Time 1.1514e+00 fs, Step  238                
Writing 0.007233619689941406
Saving 0.005382537841796875
EST 0.0017940998077392578
Quantum 0.0034470558166503906
Total 0.033849477767944336

Time 1.1562e+00 fs, Step  239                
Writing 0.006458759307861328
Saving 0.005645275115966797
EST 0.0017507076263427734
Quantum 0.004361152648925781
Total 0.03433036804199219

Time 1.1611e+00 fs, Step  240                
Writing 0.0071563720703125
Saving 0.0046634674072265625
EST 0.0018355846405029297
Quantum 0.003895998001098633
Total 0.03074502944946289

Time 1.1659e+00 fs, Step  241                
Writing 0.006933927536010742
Saving 0.0063054561614990234
EST 0.001323699951171875
Quantum 0.0026886463165283203
Total 0.048018693923950195

Time 1.1707e+00 fs, Step  242                
Writing 0.007609367370605469
Saving 0.005707263946533203
EST 0.0022406578063964844
Quantum 0.005728483200073242
Total 0.03987717628479004

Time 1.1756e+00 fs, Step  243                
Writing 0.013441324234008789
Saving 0.00587010383605957
EST 0.0025463104248046875
Quantum 0.004697561264038086
Total 0.0724952220916748

Time 1.1804e+00 fs, Step  244                
Writing 0.008017778396606445
Saving 0.007692098617553711
EST 0.004567384719848633
Quantum 0.0043506622314453125
Total 0.04334259033203125

Time 1.1853e+00 fs, Step  245                
Writing 0.00701904296875
Saving 0.005627870559692383
EST 0.0023665428161621094
Quantum 0.005060434341430664
Total 0.038253068923950195

Time 1.1901e+00 fs, Step  246                
Writing 0.010616540908813477
Saving 0.004868030548095703
EST 0.002476930618286133
Quantum 0.005880832672119141
Total 0.04016733169555664

Time 1.1949e+00 fs, Step  247                
Writing 0.008045434951782227
Saving 0.005151033401489258
EST 0.0016727447509765625
Quantum 0.004071235656738281
Total 0.035263776779174805

Time 1.1998e+00 fs, Step  248                
Writing 0.013483762741088867
Saving 0.005486011505126953
EST 0.0022842884063720703
Quantum 0.006317615509033203
Total 0.04577279090881348

Time 1.2046e+00 fs, Step  249                
Writing 0.012239933013916016
Saving 0.005408763885498047
EST 0.0023157596588134766
Quantum 0.003365755081176758
Total 0.040601253509521484
